<?xml version="1.0" encoding="UTF-8"?>
<!-- Generated by org.testng.reporters.JUnitXMLReporter -->
<testsuite ignored="0" hostname="Alex" failures="0" tests="6" name="Command line test" time="44.366" errors="0" timestamp="2021-07-16T00:43:03 IDT">
  <testcase classname="tests.Tests" name="loginPageVerification" time="0.075"/>
  <testcase classname="tests.Tests" name="successfullyLoginRedirectToMapPage" time="2.988"/>
  <testcase classname="tests.Tests" name="cleanupAccountAndEnablePlanning" time="5.84"/>
  <testcase classname="tests.Tests" name="createANewTeam" time="6.068"/>
  <testcase classname="tests.Tests" name="addDrivers" time="5.751"/>
  <testcase classname="tests.Tests" name="createOrder" time="16.495"/>
</testsuite> <!-- Command line test -->
