<?xml version="1.0" encoding="UTF-8"?>
<testng-results ignored="0" total="6" passed="6" failed="0" skipped="0">
  <reporter-output>
  </reporter-output>
  <suite started-at="2021-07-16T00:42:19 IDT" name="Command line suite" finished-at="2021-07-16T00:43:03 IDT" duration-ms="44366">
    <groups>
    </groups>
    <test started-at="2021-07-16T00:42:19 IDT" name="Command line test" finished-at="2021-07-16T00:43:03 IDT" duration-ms="44366">
      <class name="tests.Tests">
        <test-method is-config="true" signature="setUp()[pri:0, instance:tests.Tests@1aafa419]" started-at="2021-07-16T00:42:19 IDT" name="setUp" finished-at="2021-07-16T00:42:25 IDT" duration-ms="6328" status="PASS">
          <reporter-output>
          </reporter-output>
        </test-method> <!-- setUp -->
        <test-method signature="loginPageVerification()[pri:1, instance:tests.Tests@1aafa419]" started-at="2021-07-16T00:42:25 IDT" name="loginPageVerification" finished-at="2021-07-16T00:42:25 IDT" duration-ms="75" status="PASS">
          <reporter-output>
          </reporter-output>
        </test-method> <!-- loginPageVerification -->
        <test-method signature="successfullyLoginRedirectToMapPage()[pri:2, instance:tests.Tests@1aafa419]" started-at="2021-07-16T00:42:25 IDT" name="successfullyLoginRedirectToMapPage" finished-at="2021-07-16T00:42:28 IDT" duration-ms="2988" status="PASS">
          <reporter-output>
          </reporter-output>
        </test-method> <!-- successfullyLoginRedirectToMapPage -->
        <test-method signature="cleanupAccountAndEnablePlanning()[pri:3, instance:tests.Tests@1aafa419]" started-at="2021-07-16T00:42:28 IDT" name="cleanupAccountAndEnablePlanning" finished-at="2021-07-16T00:42:34 IDT" duration-ms="5840" status="PASS">
          <reporter-output>
          </reporter-output>
        </test-method> <!-- cleanupAccountAndEnablePlanning -->
        <test-method signature="createANewTeam()[pri:4, instance:tests.Tests@1aafa419]" started-at="2021-07-16T00:42:34 IDT" name="createANewTeam" finished-at="2021-07-16T00:42:40 IDT" duration-ms="6068" status="PASS">
          <reporter-output>
          </reporter-output>
        </test-method> <!-- createANewTeam -->
        <test-method signature="addDrivers()[pri:5, instance:tests.Tests@1aafa419]" started-at="2021-07-16T00:42:40 IDT" name="addDrivers" finished-at="2021-07-16T00:42:46 IDT" duration-ms="5751" status="PASS">
          <reporter-output>
          </reporter-output>
        </test-method> <!-- addDrivers -->
        <test-method signature="createOrder()[pri:6, instance:tests.Tests@1aafa419]" started-at="2021-07-16T00:42:46 IDT" name="createOrder" finished-at="2021-07-16T00:43:03 IDT" duration-ms="16495" status="PASS">
          <reporter-output>
          </reporter-output>
        </test-method> <!-- createOrder -->
        <test-method is-config="true" signature="tearDown()[pri:0, instance:tests.Tests@1aafa419]" started-at="2021-07-16T00:43:03 IDT" name="tearDown" finished-at="2021-07-16T00:43:03 IDT" duration-ms="782" status="PASS">
          <reporter-output>
          </reporter-output>
        </test-method> <!-- tearDown -->
      </class> <!-- tests.Tests -->
    </test> <!-- Command line test -->
  </suite> <!-- Command line suite -->
</testng-results>
